{"name": "test_valid_sign_in[chrome]", "status": "failed", "statusDetails": {"message": "AssertionError", "trace": "self = <Tests.UI_Test.test_login.TestLogin object at 0x000001B2047AFCB0>\nsetup_pages = (<selenium.webdriver.chrome.webdriver.WebDriver (session=\"394009ad40ecd5cfac2d9d3cd25cbe5a\")>, <UI_Pages.loginPage.Log...ges.cartPage.CartPage object at 0x000001B203DF40E0>, <UI_Pages.checkoutPage.CheckoutPage object at 0x000001B2040876E0>)\nui_data = {'INVALID PASSWORD': 'Admin@123', 'PASSWORD': 'secret_sauce', 'Zipcode': '987867', 'firstName': 'Harry', ...}\nassertion_data = {'cart_heading': 'Shipping', 'expected_text': 'Epic sadface: Username and password do not match any user in this service', 'expected_url': 'https://www.saucedemo.com/inventory.html', 'product_name': 'Sauce Labs Backpack', ...}\nlogger_setup = None, init_driver = <selenium.webdriver.chrome.webdriver.WebDriver (session=\"394009ad40ecd5cfac2d9d3cd25cbe5a\")>, browser = 'chrome'\n\n    @pytest.mark.run(order=1)\n    @pytest.mark.parametrize(\"browser\", [\"chrome\"])\n    def test_valid_sign_in(self, setup_pages, ui_data, assertion_data, logger_setup, init_driver, browser):\n        logging.getLogger(\"root\").info(\"Starting test_valid_signin\")\n        allure.attach('Starting test_valid_signin', attachment_type=allure.attachment_type.TEXT)\n        driver, login_page, _, _ = setup_pages\n        logging.getLogger(\"root\").info(\"Logging with valid credentials\")\n        allure.attach('Logging with valid credentials', attachment_type=allure.attachment_type.TEXT)\n>       self.login_and_assert(login_page, driver, ui_data, assertion_data)\n\nTests\\UI_Test\\test_login.py:21: \n_ _ _ _ _ _ _ _ _ _ _ _ _ _ _ _ _ _ _ _ _ _ _ _ _ _ _ _ _ _ _ _ _ _ _ _ _ _ _ _ _ _ _ _ _ _ _ _ _ _ _ _ _ _ _ _ _ _ _ _ _ _ _ _ _ _ _ _ _ _ _ _ _ _\n\nlogin_page = <UI_Pages.loginPage.LoginPage object at 0x000001B203BDF5F0>\ndriver = <selenium.webdriver.chrome.webdriver.WebDriver (session=\"394009ad40ecd5cfac2d9d3cd25cbe5a\")>\nlogin_data = {'INVALID PASSWORD': 'Admin@123', 'PASSWORD': 'secret_sauce', 'Zipcode': '987867', 'firstName': 'Harry', ...}\nassertion_data = {'cart_heading': 'Shipping', 'expected_text': 'Epic sadface: Username and password do not match any user in this service', 'expected_url': 'https://www.saucedemo.com/inventory.html', 'product_name': 'Sauce Labs Backpack', ...}\n\n    @staticmethod\n    def login_and_assert(login_page, driver, login_data, assertion_data):\n        login_page.click_login(login_data['userName'], login_data['INVALID PASSWORD'])\n>       assert driver.current_url == assertion_data['expected_url']\nE       AssertionError\n\nTests\\UI_Test\\BaseTest.py:14: AssertionError"}, "attachments": [{"source": "8036c599-6cda-4743-a2b5-523583b155e7-attachment.txt", "type": "text/plain"}, {"source": "714b96ba-3694-4e4d-920e-96999172e396-attachment.txt", "type": "text/plain"}, {"name": "log", "source": "4b043071-75ff-44f9-8945-be28b787c2aa-attachment.txt", "type": "text/plain"}], "parameters": [{"name": "browser", "value": "'chrome'"}], "start": 1714920165346, "stop": 1714920166394, "uuid": "dddad2fc-0161-4bf1-b73e-18358b1e7f4e", "historyId": "f1aebfe96b81d111413432f15a02e381", "testCaseId": "c45d73e905ffe70f729e3c177209e9eb", "fullName": "Tests.UI_Test.test_login.TestLogin#test_valid_sign_in", "labels": [{"name": "tag", "value": "run(order=1)"}, {"name": "tag", "value": "@pytest.mark.usefixtures('init_driver')"}, {"name": "parentSuite", "value": "Tests.UI_Test"}, {"name": "suite", "value": "test_login"}, {"name": "subSuite", "value": "TestLogin"}, {"name": "host", "value": "Feuji-006L-R"}, {"name": "thread", "value": "2728-MainThread"}, {"name": "framework", "value": "pytest"}, {"name": "language", "value": "cpython3"}, {"name": "package", "value": "Tests.UI_Test.test_login"}]}