{"name": "test_invalid_sign_in[chrome]", "status": "failed", "statusDetails": {"message": "AssertionError: Expected URL: https://www.saucedemo.com/inventory.html, Actual URL: https://www.saucedemo.com/\nassert 'https://www.saucedemo.com/' == 'https://www....nventory.html'\n  - https://www.saucedemo.com/inventory.html\n  ?                           --------------\n  + https://www.saucedemo.com/", "trace": "self = <Tests.UI_Test.test_login.TestLogin object at 0x000001A670BB9160>\nsetup_pages = (<selenium.webdriver.chrome.webdriver.WebDriver (session=\"3f8d37dc4dd6871b9da0e1ec01fde394\")>, <UI_Pages.loginPage.Log...ges.cartPage.CartPage object at 0x000001A67142E270>, <UI_Pages.checkoutPage.CheckoutPage object at 0x000001A67142DF10>)\nui_data = {'INVALID PASSWORD': 'Admin@123', 'PASSWORD': 'secret_sauce', 'Zipcode': '987867', 'firstName': 'Harry', ...}\nassertion_data = {'cart_heading': 'Shipping', 'expected_text': 'Epic sadface: Username and password do not match any user in this service', 'expected_url': 'https://www.saucedemo.com/inventory.html', 'product_name': 'Sauce Labs Backpack', ...}\ninit_driver = <selenium.webdriver.chrome.webdriver.WebDriver (session=\"3f8d37dc4dd6871b9da0e1ec01fde394\")>, logger_setup = None, browser = 'chrome'\n\n    @pytest.mark.run(order=2)\n    @pytest.mark.parametrize(\"browser\", [\"chrome\", \"edge\"])\n    @allure.severity(allure.severity_level.NORMAL)\n    def test_invalid_sign_in(self, setup_pages, ui_data, assertion_data, init_driver, logger_setup, browser):\n        logging.getLogger(\"root\").info(\"Starting test_invalid_signin\")\n        allure.attach('Starting test_invalid_signin', attachment_type=allure.attachment_type.TEXT)\n        driver, login_page, _, _ = setup_pages\n    \n        login_page.click_login(ui_data['userName'], ui_data['INVALID PASSWORD'])\n        expected_url = assertion_data.get('expected_url')\n        if expected_url is not None:\n>           assert driver.current_url == expected_url, f\"Expected URL: {expected_url}, Actual URL: {driver.current_url}\"\nE           AssertionError: Expected URL: https://www.saucedemo.com/inventory.html, Actual URL: https://www.saucedemo.com/\nE           assert 'https://www.saucedemo.com/' == 'https://www....nventory.html'\nE             - https://www.saucedemo.com/inventory.html\nE             ?                           --------------\nE             + https://www.saucedemo.com/\n\nTests\\UI_Test\\test_login.py:76: AssertionError"}, "attachments": [{"source": "6c07c9d8-68d4-4176-81f2-a1e50d533cac-attachment.txt", "type": "text/plain"}, {"name": "log", "source": "1b3742e2-fb5d-4533-9dfe-238d19e95d36-attachment.txt", "type": "text/plain"}], "parameters": [{"name": "browser", "value": "'chrome'"}], "start": 1715142055059, "stop": 1715142055816, "uuid": "428f5263-f414-435a-b815-0502912dc0b3", "historyId": "48fa2a146192f03756034ec19e88f559", "testCaseId": "b7222e4c40dbe92f2068b4c04f70d99c", "fullName": "Tests.UI_Test.test_login.TestLogin#test_invalid_sign_in", "labels": [{"name": "severity", "value": "normal"}, {"name": "tag", "value": "run(order=2)"}, {"name": "tag", "value": "@pytest.mark.usefixtures('init_driver')"}, {"name": "parentSuite", "value": "Tests.UI_Test"}, {"name": "suite", "value": "test_login"}, {"name": "subSuite", "value": "TestLogin"}, {"name": "host", "value": "Feuji-006L-R"}, {"name": "thread", "value": "24100-MainThread"}, {"name": "framework", "value": "pytest"}, {"name": "language", "value": "cpython3"}, {"name": "package", "value": "Tests.UI_Test.test_login"}]}